# JRE version: OpenJDK Runtime Environment Temurin-21.0.8+9 (21.0.8+9) (build 21.0.8+9-LTS)
# Java VM: OpenJDK 64-Bit Server VM Temurin-21.0.8+9 (21.0.8+9-LTS, mixed mode, sharing, tiered, compressed oops, compressed class ptrs, parallel gc, windows-amd64)
GC Precious Log:
 CardTable entry size: 512
 CPUs: 12 total, 12 available
 Memory: 7501M
 Large Page Support: Disabled
 NUMA Support: Disabled
 Compressed Oops: Enabled (32-bit)
 Alignments: Space 512K, Generation 512K, Heap 2M
 Heap Min Capacity: 100M
 Heap Initial Capacity: 100M
 Heap Max Capacity: 2G
 Pre-touch: Disabled
 Parallel Workers: 10
Heap:
 PSYoungGen      total 3072K, used 396K [0x00000000d5580000, 0x00000000d5a80000, 0x0000000100000000)
  eden space 2560K, 5% used [0x00000000d5580000,0x00000000d55a32b0,0x00000000d5800000)
  from space 512K, 50% used [0x00000000d5a00000,0x00000000d5a40000,0x00000000d5a80000)
  to   space 512K, 0% used [0x00000000d5980000,0x00000000d5980000,0x00000000d5a00000)
 ParOldGen       total 625664K, used 625659K [0x0000000080000000, 0x00000000a6300000, 0x00000000d5580000)
  object space 625664K, 99% used [0x0000000080000000,0x00000000a62fefb0,0x00000000a6300000)
 Metaspace       used 86353K, committed 88192K, reserved 1179648K
  class space    used 8838K, committed 9664K, reserved 1048576K
GC Heap History (20 events):
Event: 2943.319 GC heap before
{Heap before GC invocations=1277 (full 5):
 PSYoungGen      total 4096K, used 4063K [0x00000000d5580000, 0x00000000d5c00000, 0x0000000100000000)
  eden space 2560K, 99% used [0x00000000d5580000,0x00000000d57ffff0,0x00000000d5800000)
  from space 1536K, 97% used [0x00000000d5a80000,0x00000000d5bf8000,0x00000000d5c00000)
  to   space 2048K, 0% used [0x00000000d5800000,0x00000000d5800000,0x00000000d5a00000)
 ParOldGen       total 623104K, used 622751K [0x0000000080000000, 0x00000000a6080000, 0x00000000d5580000)
  object space 623104K, 99% used [0x0000000080000000,0x00000000a6027d10,0x00000000a6080000)
 Metaspace       used 86291K, committed 88128K, reserved 1179648K
  class space    used 8835K, committed 9664K, reserved 1048576K
}
Event: 2943.323 GC heap after
{Heap after GC invocations=1277 (full 5):
 PSYoungGen      total 4608K, used 442K [0x00000000d5580000, 0x00000000d5b00000, 0x0000000100000000)
  eden space 2560K, 0% used [0x00000000d5580000,0x00000000d5580000,0x00000000d5800000)
  from space 2048K, 21% used [0x00000000d5800000,0x00000000d586e900,0x00000000d5a00000)
  to   space 1024K, 0% used [0x00000000d5a00000,0x00000000d5a00000,0x00000000d5b00000)
 ParOldGen       total 624640K, used 624149K [0x0000000080000000, 0x00000000a6200000, 0x00000000d5580000)
  object space 624640K, 99% used [0x0000000080000000,0x00000000a6185550,0x00000000a6200000)
 Metaspace       used 86291K, committed 88128K, reserved 1179648K
  class space    used 8835K, committed 9664K, reserved 1048576K
}
Event: 2943.336 GC heap before
{Heap before GC invocations=1278 (full 5):
 PSYoungGen      total 4608K, used 3002K [0x00000000d5580000, 0x00000000d5b00000, 0x0000000100000000)
  eden space 2560K, 99% used [0x00000000d5580000,0x00000000d57fffe0,0x00000000d5800000)
  from space 2048K, 21% used [0x00000000d5800000,0x00000000d586e900,0x00000000d5a00000)
  to   space 1024K, 0% used [0x00000000d5a00000,0x00000000d5a00000,0x00000000d5b00000)
 ParOldGen       total 624640K, used 624149K [0x0000000080000000, 0x00000000a6200000, 0x00000000d5580000)
  object space 624640K, 99% used [0x0000000080000000,0x00000000a6185550,0x00000000a6200000)
 Metaspace       used 86291K, committed 88128K, reserved 1179648K
  class space    used 8835K, committed 9664K, reserved 1048576K
}
Event: 2943.340 GC heap after
{Heap after GC invocations=1278 (full 5):
 PSYoungGen      total 3584K, used 576K [0x00000000d5580000, 0x00000000d5b00000, 0x0000000100000000)
  eden space 2560K, 0% used [0x00000000d5580000,0x00000000d5580000,0x00000000d5800000)
  from space 1024K, 56% used [0x00000000d5a00000,0x00000000d5a90000,0x00000000d5b00000)
  to   space 1024K, 0% used [0x00000000d5900000,0x00000000d5900000,0x00000000d5a00000)
 ParOldGen       total 624640K, used 624549K [0x0000000080000000, 0x00000000a6200000, 0x00000000d5580000)
  object space 624640K, 99% used [0x0000000080000000,0x00000000a61e97e0,0x00000000a6200000)
 Metaspace       used 86291K, committed 88128K, reserved 1179648K
  class space    used 8835K, committed 9664K, reserved 1048576K
}
Event: 2943.350 GC heap before
{Heap before GC invocations=1279 (full 5):
 PSYoungGen      total 3584K, used 3136K [0x00000000d5580000, 0x00000000d5b00000, 0x0000000100000000)
  eden space 2560K, 100% used [0x00000000d5580000,0x00000000d5800000,0x00000000d5800000)
  from space 1024K, 56% used [0x00000000d5a00000,0x00000000d5a90000,0x00000000d5b00000)
  to   space 1024K, 0% used [0x00000000d5900000,0x00000000d5900000,0x00000000d5a00000)
 ParOldGen       total 624640K, used 624549K [0x0000000080000000, 0x00000000a6200000, 0x00000000d5580000)
  object space 624640K, 99% used [0x0000000080000000,0x00000000a61e97e0,0x00000000a6200000)
 Metaspace       used 86293K, committed 88128K, reserved 1179648K
  class space    used 8835K, committed 9664K, reserved 1048576K
}
Event: 2943.353 GC heap after
{Heap after GC invocations=1279 (full 5):
 PSYoungGen      total 3584K, used 570K [0x00000000d5580000, 0x00000000d5a80000, 0x0000000100000000)
  eden space 2560K, 0% used [0x00000000d5580000,0x00000000d5580000,0x00000000d5800000)
  from space 1024K, 55% used [0x00000000d5900000,0x00000000d598e900,0x00000000d5a00000)
  to   space 512K, 0% used [0x00000000d5a00000,0x00000000d5a00000,0x00000000d5a80000)
 ParOldGen       total 625152K, used 625013K [0x0000000080000000, 0x00000000a6280000, 0x00000000d5580000)
  object space 625152K, 99% used [0x0000000080000000,0x00000000a625d7e0,0x00000000a6280000)
 Metaspace       used 86293K, committed 88128K, reserved 1179648K
  class space    used 8835K, committed 9664K, reserved 1048576K
}
Event: 3234.116 GC heap before
{Heap before GC invocations=1280 (full 5):
 PSYoungGen      total 3584K, used 3130K [0x00000000d5580000, 0x00000000d5a80000, 0x0000000100000000)
  eden space 2560K, 100% used [0x00000000d5580000,0x00000000d5800000,0x00000000d5800000)
  from space 1024K, 55% used [0x00000000d5900000,0x00000000d598e900,0x00000000d5a00000)
  to   space 512K, 0% used [0x00000000d5a00000,0x00000000d5a00000,0x00000000d5a80000)
 ParOldGen       total 625152K, used 625013K [0x0000000080000000, 0x00000000a6280000, 0x00000000d5580000)
  object space 625152K, 99% used [0x0000000080000000,0x00000000a625d7e0,0x00000000a6280000)
 Metaspace       used 86301K, committed 88128K, reserved 1179648K
  class space    used 8837K, committed 9664K, reserved 1048576K
}
Event: 3234.119 GC heap after
{Heap after GC invocations=1280 (full 5):
 PSYoungGen      total 3072K, used 288K [0x00000000d5580000, 0x00000000d5a80000, 0x0000000100000000)
  eden space 2560K, 0% used [0x00000000d5580000,0x00000000d5580000,0x00000000d5800000)
  from space 512K, 56% used [0x00000000d5a00000,0x00000000d5a48000,0x00000000d5a80000)
  to   space 512K, 0% used [0x00000000d5980000,0x00000000d5980000,0x00000000d5a00000)
 ParOldGen       total 625152K, used 625107K [0x0000000080000000, 0x00000000a6280000, 0x00000000d5580000)
  object space 625152K, 99% used [0x0000000080000000,0x00000000a6274f60,0x00000000a6280000)
 Metaspace       used 86301K, committed 88128K, reserved 1179648K
  class space    used 8837K, committed 9664K, reserved 1048576K
}
Event: 3247.584 GC heap before
{Heap before GC invocations=1281 (full 5):
 PSYoungGen      total 3072K, used 2847K [0x00000000d5580000, 0x00000000d5a80000, 0x0000000100000000)
  eden space 2560K, 99% used [0x00000000d5580000,0x00000000d57fffd0,0x00000000d5800000)
  from space 512K, 56% used [0x00000000d5a00000,0x00000000d5a48000,0x00000000d5a80000)
  to   space 512K, 0% used [0x00000000d5980000,0x00000000d5980000,0x00000000d5a00000)
 ParOldGen       total 625152K, used 625107K [0x0000000080000000, 0x00000000a6280000, 0x00000000d5580000)
  object space 625152K, 99% used [0x0000000080000000,0x00000000a6274f60,0x00000000a6280000)
 Metaspace       used 86307K, committed 88128K, reserved 1179648K
  class space    used 8837K, committed 9664K, reserved 1048576K
}
Event: 3247.586 GC heap after
{Heap after GC invocations=1281 (full 5):
 PSYoungGen      total 3072K, used 288K [0x00000000d5580000, 0x00000000d5a80000, 0x0000000100000000)
  eden space 2560K, 0% used [0x00000000d5580000,0x00000000d5580000,0x00000000d5800000)
  from space 512K, 56% used [0x00000000d5980000,0x00000000d59c8000,0x00000000d5a00000)
  to   space 512K, 0% used [0x00000000d5a00000,0x00000000d5a00000,0x00000000d5a80000)
 ParOldGen       total 625664K, used 625179K [0x0000000080000000, 0x00000000a6300000, 0x00000000d5580000)
  object space 625664K, 99% used [0x0000000080000000,0x00000000a6286f70,0x00000000a6300000)
 Metaspace       used 86307K, committed 88128K, reserved 1179648K
  class space    used 8837K, committed 9664K, reserved 1048576K
}
Event: 3303.258 GC heap before
{Heap before GC invocations=1282 (full 5):
 PSYoungGen      total 3072K, used 2846K [0x00000000d5580000, 0x00000000d5a80000, 0x0000000100000000)
  eden space 2560K, 99% used [0x00000000d5580000,0x00000000d57ffbe8,0x00000000d5800000)
  from space 512K, 56% used [0x00000000d5980000,0x00000000d59c8000,0x00000000d5a00000)
  to   space 512K, 0% used [0x00000000d5a00000,0x00000000d5a00000,0x00000000d5a80000)
 ParOldGen       total 625664K, used 625179K [0x0000000080000000, 0x00000000a6300000, 0x00000000d5580000)
  object space 625664K, 99% used [0x0000000080000000,0x00000000a6286f70,0x00000000a6300000)
 Metaspace       used 86333K, committed 88128K, reserved 1179648K
  class space    used 8838K, committed 9664K, reserved 1048576K
}
Event: 3303.260 GC heap after
{Heap after GC invocations=1282 (full 5):
 PSYoungGen      total 3072K, used 352K [0x00000000d5580000, 0x00000000d5a80000, 0x0000000100000000)
  eden space 2560K, 0% used [0x00000000d5580000,0x00000000d5580000,0x00000000d5800000)
  from space 512K, 68% used [0x00000000d5a00000,0x00000000d5a58020,0x00000000d5a80000)
  to   space 512K, 0% used [0x00000000d5980000,0x00000000d5980000,0x00000000d5a00000)
 ParOldGen       total 625664K, used 625275K [0x0000000080000000, 0x00000000a6300000, 0x00000000d5580000)
  object space 625664K, 99% used [0x0000000080000000,0x00000000a629ef80,0x00000000a6300000)
 Metaspace       used 86333K, committed 88128K, reserved 1179648K
  class space    used 8838K, committed 9664K, reserved 1048576K
}
Event: 3303.284 GC heap before
{Heap before GC invocations=1283 (full 5):
 PSYoungGen      total 3072K, used 2912K [0x00000000d5580000, 0x00000000d5a80000, 0x0000000100000000)
  eden space 2560K, 100% used [0x00000000d5580000,0x00000000d5800000,0x00000000d5800000)
  from space 512K, 68% used [0x00000000d5a00000,0x00000000d5a58020,0x00000000d5a80000)
  to   space 512K, 0% used [0x00000000d5980000,0x00000000d5980000,0x00000000d5a00000)
 ParOldGen       total 625664K, used 625275K [0x0000000080000000, 0x00000000a6300000, 0x00000000d5580000)
  object space 625664K, 99% used [0x0000000080000000,0x00000000a629ef80,0x00000000a6300000)
 Metaspace       used 86334K, committed 88128K, reserved 1179648K
  class space    used 8838K, committed 9664K, reserved 1048576K
}
Event: 3303.287 GC heap after
{Heap after GC invocations=1283 (full 5):
 PSYoungGen      total 3072K, used 256K [0x00000000d5580000, 0x00000000d5a80000, 0x0000000100000000)
  eden space 2560K, 0% used [0x00000000d5580000,0x00000000d5580000,0x00000000d5800000)
  from space 512K, 50% used [0x00000000d5980000,0x00000000d59c0000,0x00000000d5a00000)
  to   space 512K, 0% used [0x00000000d5a00000,0x00000000d5a00000,0x00000000d5a80000)
 ParOldGen       total 625664K, used 625515K [0x0000000080000000, 0x00000000a6300000, 0x00000000d5580000)
  object space 625664K, 99% used [0x0000000080000000,0x00000000a62dafb0,0x00000000a6300000)
 Metaspace       used 86334K, committed 88128K, reserved 1179648K
  class space    used 8838K, committed 9664K, reserved 1048576K
}
Event: 3303.299 GC heap before
{Heap before GC invocations=1284 (full 5):
 PSYoungGen      total 3072K, used 2805K [0x00000000d5580000, 0x00000000d5a80000, 0x0000000100000000)
  eden space 2560K, 99% used [0x00000000d5580000,0x00000000d57fd7e0,0x00000000d5800000)
  from space 512K, 50% used [0x00000000d5980000,0x00000000d59c0000,0x00000000d5a00000)
  to   space 512K, 0% used [0x00000000d5a00000,0x00000000d5a00000,0x00000000d5a80000)
 ParOldGen       total 625664K, used 625515K [0x0000000080000000, 0x00000000a6300000, 0x00000000d5580000)
  object space 625664K, 99% used [0x0000000080000000,0x00000000a62dafb0,0x00000000a6300000)
 Metaspace       used 86334K, committed 88128K, reserved 1179648K
  class space    used 8838K, committed 9664K, reserved 1048576K
}
Event: 3303.302 GC heap after
{Heap after GC invocations=1284 (full 5):
 PSYoungGen      total 3072K, used 224K [0x00000000d5580000, 0x00000000d5a80000, 0x0000000100000000)
  eden space 2560K, 0% used [0x00000000d5580000,0x00000000d5580000,0x00000000d5800000)
  from space 512K, 43% used [0x00000000d5a00000,0x00000000d5a38000,0x00000000d5a80000)
  to   space 512K, 0% used [0x00000000d5980000,0x00000000d5980000,0x00000000d5a00000)
 ParOldGen       total 625664K, used 625571K [0x0000000080000000, 0x00000000a6300000, 0x00000000d5580000)
  object space 625664K, 99% used [0x0000000080000000,0x00000000a62e8fb0,0x00000000a6300000)
 Metaspace       used 86334K, committed 88128K, reserved 1179648K
  class space    used 8838K, committed 9664K, reserved 1048576K
}
Event: 3303.397 GC heap before
{Heap before GC invocations=1285 (full 5):
 PSYoungGen      total 3072K, used 2784K [0x00000000d5580000, 0x00000000d5a80000, 0x0000000100000000)
  eden space 2560K, 100% used [0x00000000d5580000,0x00000000d5800000,0x00000000d5800000)
  from space 512K, 43% used [0x00000000d5a00000,0x00000000d5a38000,0x00000000d5a80000)
  to   space 512K, 0% used [0x00000000d5980000,0x00000000d5980000,0x00000000d5a00000)
 ParOldGen       total 625664K, used 625571K [0x0000000080000000, 0x00000000a6300000, 0x00000000d5580000)
  object space 625664K, 99% used [0x0000000080000000,0x00000000a62e8fb0,0x00000000a6300000)
 Metaspace       used 86343K, committed 88192K, reserved 1179648K
  class space    used 8838K, committed 9664K, reserved 1048576K
}
Event: 3303.400 GC heap after
{Heap after GC invocations=1285 (full 5):
 PSYoungGen      total 3072K, used 256K [0x00000000d5580000, 0x00000000d5a80000, 0x0000000100000000)
  eden space 2560K, 0% used [0x00000000d5580000,0x00000000d5580000,0x00000000d5800000)
  from space 512K, 50% used [0x00000000d5980000,0x00000000d59c0000,0x00000000d5a00000)
  to   space 512K, 0% used [0x00000000d5a00000,0x00000000d5a00000,0x00000000d5a80000)
 ParOldGen       total 625664K, used 625627K [0x0000000080000000, 0x00000000a6300000, 0x00000000d5580000)
  object space 625664K, 99% used [0x0000000080000000,0x00000000a62f6fb0,0x00000000a6300000)
 Metaspace       used 86343K, committed 88192K, reserved 1179648K
  class space    used 8838K, committed 9664K, reserved 1048576K
}
Event: 3833.586 GC heap before
{Heap before GC invocations=1286 (full 5):
 PSYoungGen      total 3072K, used 2815K [0x00000000d5580000, 0x00000000d5a80000, 0x0000000100000000)
  eden space 2560K, 99% used [0x00000000d5580000,0x00000000d57fffe8,0x00000000d5800000)
  from space 512K, 50% used [0x00000000d5980000,0x00000000d59c0000,0x00000000d5a00000)
  to   space 512K, 0% used [0x00000000d5a00000,0x00000000d5a00000,0x00000000d5a80000)
 ParOldGen       total 625664K, used 625627K [0x0000000080000000, 0x00000000a6300000, 0x00000000d5580000)
  object space 625664K, 99% used [0x0000000080000000,0x00000000a62f6fb0,0x00000000a6300000)
 Metaspace       used 86351K, committed 88192K, reserved 1179648K
  class space    used 8838K, committed 9664K, reserved 1048576K
}
Event: 3833.619 GC heap after
{Heap after GC invocations=1286 (full 5):
 PSYoungGen      total 3072K, used 256K [0x00000000d5580000, 0x00000000d5a80000, 0x0000000100000000)
  eden space 2560K, 0% used [0x00000000d5580000,0x00000000d5580000,0x00000000d5800000)
  from space 512K, 50% used [0x00000000d5a00000,0x00000000d5a40000,0x00000000d5a80000)
  to   space 512K, 0% used [0x00000000d5980000,0x00000000d5980000,0x00000000d5a00000)
 ParOldGen       total 625664K, used 625659K [0x0000000080000000, 0x00000000a6300000, 0x00000000d5580000)
  object space 625664K, 99% used [0x0000000080000000,0x00000000a62fefb0,0x00000000a6300000)
 Metaspace       used 86351K, committed 88192K, reserved 1179648K
  class space    used 8838K, committed 9664K, reserved 1048576K
}

